

Version:	3.14
CmdLine:	D:\PROECTst\out\artifacts\PROECTst_jar3\proectst.exe --l4j-debug
WOW64:		yes
Java min ver:	1.008.000
Java max ver:	
64-bit search:	SOFTWARE\JavaSoft\Java Runtime Environment...
Check:		SOFTWARE\JavaSoft\Java Runtime Environment\1.8
Check launcher:	C:\Program Files\Java\jre1.8.0_311\bin\javaw.exe (OK)
Match:		1.008.000
Check:		SOFTWARE\JavaSoft\Java Runtime Environment\1.8.0_311
Check launcher:	C:\Program Files\Java\jre1.8.0_311\bin\javaw.exe (OK)
Match:		1.008.000_311
64-bit search:	SOFTWARE\JavaSoft\Java Development Kit...
64-bit search:	SOFTWARE\JavaSoft\JRE...
64-bit search:	SOFTWARE\JavaSoft\JDK...
Runtime used:	1.008.000_311 (64-bit)
Launcher:	C:\Program Files\Java\jre1.8.0_311\bin\javaw.exe
Launcher args:	-jar "D:\PROECTst\out\artifacts\PROECTst_jar3\proectst.exe"
Args length:	59/32768 chars
Exit code:	1


Version:	3.14
CmdLine:	D:\PROECTst\out\artifacts\PROECTst_jar3\proectst.exe --l4j-debug
WOW64:		yes
Java min ver:	1.008.000
Java max ver:	
64-bit search:	SOFTWARE\JavaSoft\Java Runtime Environment...
Check:		SOFTWARE\JavaSoft\Java Runtime Environment\1.8
Check launcher:	C:\Program Files\Java\jre1.8.0_311\bin\javaw.exe (OK)
Match:		1.008.000
Check:		SOFTWARE\JavaSoft\Java Runtime Environment\1.8.0_311
Check launcher:	C:\Program Files\Java\jre1.8.0_311\bin\javaw.exe (OK)
Match:		1.008.000_311
64-bit search:	SOFTWARE\JavaSoft\Java Development Kit...
64-bit search:	SOFTWARE\JavaSoft\JRE...
64-bit search:	SOFTWARE\JavaSoft\JDK...
Runtime used:	1.008.000_311 (64-bit)
Launcher:	C:\Program Files\Java\jre1.8.0_311\bin\javaw.exe
Launcher args:	-jar "D:\PROECTst\out\artifacts\PROECTst_jar3\proectst.exe"
Args length:	59/32768 chars
Exit code:	1


Version:	3.14
CmdLine:	D:\PROECTst\out\artifacts\PROECTst_jar3\proectst.exe --l4j-debug
WOW64:		yes
Java min ver:	1.008.000
Java max ver:	
64-bit search:	SOFTWARE\JavaSoft\Java Runtime Environment...
Check:		SOFTWARE\JavaSoft\Java Runtime Environment\1.8
Check launcher:	C:\Program Files\Java\jre1.8.0_311\bin\javaw.exe (OK)
Match:		1.008.000
Check:		SOFTWARE\JavaSoft\Java Runtime Environment\1.8.0_311
Check launcher:	C:\Program Files\Java\jre1.8.0_311\bin\javaw.exe (OK)
Match:		1.008.000_311
64-bit search:	SOFTWARE\JavaSoft\Java Development Kit...
64-bit search:	SOFTWARE\JavaSoft\JRE...
64-bit search:	SOFTWARE\JavaSoft\JDK...
Runtime used:	1.008.000_311 (64-bit)
Launcher:	C:\Program Files\Java\jre1.8.0_311\bin\javaw.exe
Launcher args:	-jar "D:\PROECTst\out\artifacts\PROECTst_jar3\proectst.exe"
Args length:	59/32768 chars
Exit code:	1


Version:	3.14
CmdLine:	D:\PROECTst\out\artifacts\PROECTst_jar3\proectst.exe --l4j-debug
WOW64:		yes
Java min ver:	1.008.000
Java max ver:	
64-bit search:	SOFTWARE\JavaSoft\Java Runtime Environment...
Check:		SOFTWARE\JavaSoft\Java Runtime Environment\1.8
Check launcher:	C:\Program Files\Java\jre1.8.0_311\bin\javaw.exe (OK)
Match:		1.008.000
Check:		SOFTWARE\JavaSoft\Java Runtime Environment\1.8.0_311
Check launcher:	C:\Program Files\Java\jre1.8.0_311\bin\javaw.exe (OK)
Match:		1.008.000_311
64-bit search:	SOFTWARE\JavaSoft\Java Development Kit...
64-bit search:	SOFTWARE\JavaSoft\JRE...
64-bit search:	SOFTWARE\JavaSoft\JDK...
Runtime used:	1.008.000_311 (64-bit)
Launcher:	C:\Program Files\Java\jre1.8.0_311\bin\javaw.exe
Launcher args:	-jar "D:\PROECTst\out\artifacts\PROECTst_jar3\proectst.exe"
Args length:	59/32768 chars
Exit code:	1


Version:	3.14
CmdLine:	D:\PROECTst\out\artifacts\PROECTst_jar3\fghfgh.exe --l4j-debug
WOW64:		yes
Java min ver:	1.003.000
Java max ver:	
64-bit search:	SOFTWARE\JavaSoft\Java Runtime Environment...
Check:		SOFTWARE\JavaSoft\Java Runtime Environment\1.8
Check launcher:	C:\Program Files\Java\jre1.8.0_311\bin\javaw.exe (OK)
Match:		1.008.000
Check:		SOFTWARE\JavaSoft\Java Runtime Environment\1.8.0_311
Check launcher:	C:\Program Files\Java\jre1.8.0_311\bin\javaw.exe (OK)
Match:		1.008.000_311
64-bit search:	SOFTWARE\JavaSoft\Java Development Kit...
64-bit search:	SOFTWARE\JavaSoft\JRE...
64-bit search:	SOFTWARE\JavaSoft\JDK...
Check:		SOFTWARE\JavaSoft\JDK\17.0.1
Check launcher:	C:\Program Files\Java\jdk-17.0.1\bin\javaw.exe (OK)
Match:		1.017.000_001
Runtime used:	1.017.000_001 (64-bit)
Launcher:	C:\Program Files\Java\jdk-17.0.1\bin\javaw.exe
Launcher args:	-jar "D:\PROECTst\out\artifacts\PROECTst_jar3\fghfgh.exe"
Args length:	57/32768 chars
Exit code:	0


Version:	3.14
CmdLine:	D:\PROECTst\out\artifacts\PROECTst_jar3\fghfgh.exe --l4j-debug
WOW64:		yes
Java min ver:	1.003.000
Java max ver:	
64-bit search:	SOFTWARE\JavaSoft\Java Runtime Environment...
Check:		SOFTWARE\JavaSoft\Java Runtime Environment\1.8
Check launcher:	C:\Program Files\Java\jre1.8.0_311\bin\javaw.exe (OK)
Match:		1.008.000
Check:		SOFTWARE\JavaSoft\Java Runtime Environment\1.8.0_311
Check launcher:	C:\Program Files\Java\jre1.8.0_311\bin\javaw.exe (OK)
Match:		1.008.000_311
64-bit search:	SOFTWARE\JavaSoft\Java Development Kit...
64-bit search:	SOFTWARE\JavaSoft\JRE...
64-bit search:	SOFTWARE\JavaSoft\JDK...
Check:		SOFTWARE\JavaSoft\JDK\17.0.1
Check launcher:	C:\Program Files\Java\jdk-17.0.1\bin\javaw.exe (OK)
Match:		1.017.000_001
Runtime used:	1.017.000_001 (64-bit)
Launcher:	C:\Program Files\Java\jdk-17.0.1\bin\javaw.exe
Launcher args:	-jar "D:\PROECTst\out\artifacts\PROECTst_jar3\fghfgh.exe"
Args length:	57/32768 chars
Exit code:	0
